Chapter01/app/build/outputs/logs/manifest-merger-debug-report.txt
-- Merging decision tree log ---
manifest
ADDED from src/main/AndroidManifest.xml:2:1-354:12
	package
		ADDED from src/main/AndroidManifest.xml:3:5-48
		INJECTED from src/main/AndroidManifest.xml
		INJECTED from src/main/AndroidManifest.xml
	android:versionName
		ADDED from src/main/AndroidManifest.xml:5:5-30
	android:versionCode
		ADDED from src/main/AndroidManifest.xml:4:5-28
		INJECTED from src/main/AndroidManifest.xml
		INJECTED from src/main/AndroidManifest.xml
	xmlns:android
		ADDED from src/main/AndroidManifest.xml:2:11-69
uses-permission#android.permission.READ_CONTACTS
ADDED from src/main/AndroidManifest.xml:7:5-72
	android:name
		ADDED from src/main/AndroidManifest.xml:7:22-69
uses-permission#android.permission.READ_PHONE_STATE
ADDED from src/main/AndroidManifest.xml:8:5-75
	android:name
		ADDED from src/main/AndroidManifest.xml:8:22-72
uses-sdk
ADDED from src/main/AndroidManifest.xml:10:5-12:41
	android:targetSdkVersion
		ADDED from src/main/AndroidManifest.xml:12:9-38
		INJECTED from src/main/AndroidManifest.xml
		INJECTED from src/main/AndroidManifest.xml
	android:minSdkVersion
		ADDED from src/main/AndroidManifest.xml:11:9-35
		INJECTED from src/main/AndroidManifest.xml
		INJECTED from src/main/AndroidManifest.xml
application
ADDED from src/main/AndroidManifest.xml:14:5-352:19
	android:label
		ADDED from src/main/AndroidManifest.xml:17:9-41
	android:allowBackup
		ADDED from src/main/AndroidManifest.xml:15:9-35
	android:icon
		ADDED from src/main/AndroidManifest.xml:16:9-45
	android:theme
		ADDED from src/main/AndroidManifest.xml:18:9-40
activity#jp.co.se.android.recipe.common.MainActivity
ADDED from src/main/AndroidManifest.xml:19:9-27:20
	android:label
		ADDED from src/main/AndroidManifest.xml:21:13-45
	android:name
		ADDED from src/main/AndroidManifest.xml:20:13-71
intent-filter#android.intent.action.MAIN+android.intent.category.LAUNCHER
ADDED from src/main/AndroidManifest.xml:22:13-26:29
action#android.intent.action.MAIN
ADDED from src/main/AndroidManifest.xml:23:17-69
	android:name
		ADDED from src/main/AndroidManifest.xml:23:25-66
category#android.intent.category.LAUNCHER
ADDED from src/main/AndroidManifest.xml:25:17-77
	android:name
		ADDED from src/main/AndroidManifest.xml:25:27-74
activity#jp.co.se.android.recipe.chapter01.Ch0101
ADDED from src/main/AndroidManifest.xml:28:9-36:20
	android:label
		ADDED from src/main/AndroidManifest.xml:30:13-47
	android:name
		ADDED from src/main/AndroidManifest.xml:29:13-35
intent-filter#android.intent.action.MAIN+android.intent.category.SAMPLE_CODE
ADDED from src/main/AndroidManifest.xml:31:13-35:29
category#android.intent.category.SAMPLE_CODE
ADDED from src/main/AndroidManifest.xml:34:17-80
	android:name
		ADDED from src/main/AndroidManifest.xml:34:27-77
activity#jp.co.se.android.recipe.chapter01.Ch0102
ADDED from src/main/AndroidManifest.xml:37:9-45:20
	android:label
		ADDED from src/main/AndroidManifest.xml:39:13-47
	android:name
		ADDED from src/main/AndroidManifest.xml:38:13-35
activity#jp.co.se.android.recipe.chapter01.Ch0103
ADDED from src/main/AndroidManifest.xml:46:9-54:20
	android:label
		ADDED from src/main/AndroidManifest.xml:48:13-47
	android:name
		ADDED from src/main/AndroidManifest.xml:47:13-35
activity#jp.co.se.android.recipe.chapter01.Ch0104
ADDED from src/main/AndroidManifest.xml:55:9-63:20
	android:label
		ADDED from src/main/AndroidManifest.xml:57:13-47
	android:name
		ADDED from src/main/AndroidManifest.xml:56:13-35
activity#jp.co.se.android.recipe.chapter01.Ch0105
ADDED from src/main/AndroidManifest.xml:64:9-72:20
	android:label
		ADDED from src/main/AndroidManifest.xml:66:13-47
	android:name
		ADDED from src/main/AndroidManifest.xml:65:13-35
activity#jp.co.se.android.recipe.chapter01.Ch0106
ADDED from src/main/AndroidManifest.xml:73:9-81:20
	android:label
		ADDED from src/main/AndroidManifest.xml:75:13-47
	android:name
		ADDED from src/main/AndroidManifest.xml:74:13-35
activity#jp.co.se.android.recipe.chapter01.Ch0107
ADDED from src/main/AndroidManifest.xml:82:9-90:20
	android:label
		ADDED from src/main/AndroidManifest.xml:84:13-47
	android:name
		ADDED from src/main/AndroidManifest.xml:83:13-35
activity#jp.co.se.android.recipe.chapter01.Ch0108
ADDED from src/main/AndroidManifest.xml:91:9-99:20
	android:label
		ADDED from src/main/AndroidManifest.xml:93:13-47
	android:name
		ADDED from src/main/AndroidManifest.xml:92:13-35
activity#jp.co.se.android.recipe.chapter01.Ch0109
ADDED from src/main/AndroidManifest.xml:100:9-108:20
	android:label
		ADDED from src/main/AndroidManifest.xml:102:13-47
	android:name
		ADDED from src/main/AndroidManifest.xml:101:13-35
activity#jp.co.se.android.recipe.chapter01.Ch0110
ADDED from src/main/AndroidManifest.xml:109:9-117:20
	android:label
		ADDED from src/main/AndroidManifest.xml:111:13-48
	android:name
		ADDED from src/main/AndroidManifest.xml:110:13-35
activity#jp.co.se.android.recipe.chapter01.Ch0111
ADDED from src/main/AndroidManifest.xml:118:9-126:20
	android:label
		ADDED from src/main/AndroidManifest.xml:120:13-48
	android:name
		ADDED from src/main/AndroidManifest.xml:119:13-35
activity#jp.co.se.android.recipe.chapter01.Ch0112
ADDED from src/main/AndroidManifest.xml:127:9-135:20
	android:label
		ADDED from src/main/AndroidManifest.xml:129:13-48
	android:name
		ADDED from src/main/AndroidManifest.xml:128:13-35
activity#jp.co.se.android.recipe.chapter01.Ch0113
ADDED from src/main/AndroidManifest.xml:136:9-144:20
	android:label
		ADDED from src/main/AndroidManifest.xml:138:13-48
	android:name
		ADDED from src/main/AndroidManifest.xml:137:13-35
activity#jp.co.se.android.recipe.chapter01.Ch0114
ADDED from src/main/AndroidManifest.xml:145:9-153:20
	android:label
		ADDED from src/main/AndroidManifest.xml:147:13-48
	android:name
		ADDED from src/main/AndroidManifest.xml:146:13-35
activity#jp.co.se.android.recipe.chapter01.Ch0115
ADDED from src/main/AndroidManifest.xml:154:9-162:20
	android:label
		ADDED from src/main/AndroidManifest.xml:156:13-48
	android:name
		ADDED from src/main/AndroidManifest.xml:155:13-35
activity#jp.co.se.android.recipe.chapter01.Ch0116
ADDED from src/main/AndroidManifest.xml:163:9-171:20
	android:label
		ADDED from src/main/AndroidManifest.xml:165:13-48
	android:name
		ADDED from src/main/AndroidManifest.xml:164:13-35
activity#jp.co.se.android.recipe.chapter01.Ch0117
ADDED from src/main/AndroidManifest.xml:172:9-180:20
	android:label
		ADDED from src/main/AndroidManifest.xml:174:13-48
	android:name
		ADDED from src/main/AndroidManifest.xml:173:13-35
activity#jp.co.se.android.recipe.chapter01.Ch0118
ADDED from src/main/AndroidManifest.xml:181:9-189:20
	android:label
		ADDED from src/main/AndroidManifest.xml:183:13-48
	android:name
		ADDED from src/main/AndroidManifest.xml:182:13-35
activity#jp.co.se.android.recipe.chapter01.Ch0119
ADDED from src/main/AndroidManifest.xml:190:9-198:20
	android:label
		ADDED from src/main/AndroidManifest.xml:192:13-48
	android:name
		ADDED from src/main/AndroidManifest.xml:191:13-35
activity#jp.co.se.android.recipe.chapter01.Ch0120
ADDED from src/main/AndroidManifest.xml:199:9-207:20
	android:label
		ADDED from src/main/AndroidManifest.xml:201:13-48
	android:name
		ADDED from src/main/AndroidManifest.xml:200:13-35
activity#jp.co.se.android.recipe.chapter01.Ch0121
ADDED from src/main/AndroidManifest.xml:208:9-216:20
	android:label
		ADDED from src/main/AndroidManifest.xml:210:13-48
	android:name
		ADDED from src/main/AndroidManifest.xml:209:13-35
activity#jp.co.se.android.recipe.chapter01.Ch0122
ADDED from src/main/AndroidManifest.xml:217:9-225:20
	android:label
		ADDED from src/main/AndroidManifest.xml:219:13-48
	android:name
		ADDED from src/main/AndroidManifest.xml:218:13-35
activity#jp.co.se.android.recipe.chapter01.Ch0123
ADDED from src/main/AndroidManifest.xml:226:9-234:20
	android:label
		ADDED from src/main/AndroidManifest.xml:228:13-48
	android:name
		ADDED from src/main/AndroidManifest.xml:227:13-35
activity#jp.co.se.android.recipe.chapter01.Ch0124
ADDED from src/main/AndroidManifest.xml:235:9-243:20
	android:label
		ADDED from src/main/AndroidManifest.xml:237:13-48
	android:name
		ADDED from src/main/AndroidManifest.xml:236:13-35
activity#jp.co.se.android.recipe.chapter01.Ch0125
ADDED from src/main/AndroidManifest.xml:244:9-252:20
	android:label
		ADDED from src/main/AndroidManifest.xml:246:13-48
	android:name
		ADDED from src/main/AndroidManifest.xml:245:13-35
activity#jp.co.se.android.recipe.chapter01.Ch0126
ADDED from src/main/AndroidManifest.xml:253:9-261:20
	android:label
		ADDED from src/main/AndroidManifest.xml:255:13-48
	android:name
		ADDED from src/main/AndroidManifest.xml:254:13-35
activity#jp.co.se.android.recipe.chapter01.Ch0127
ADDED from src/main/AndroidManifest.xml:262:9-270:20
	android:label
		ADDED from src/main/AndroidManifest.xml:264:13-48
	android:name
		ADDED from src/main/AndroidManifest.xml:263:13-35
activity#jp.co.se.android.recipe.chapter01.Ch0128
ADDED from src/main/AndroidManifest.xml:271:9-279:20
	android:label
		ADDED from src/main/AndroidManifest.xml:273:13-48
	android:name
		ADDED from src/main/AndroidManifest.xml:272:13-35
activity#jp.co.se.android.recipe.chapter01.Ch0129
ADDED from src/main/AndroidManifest.xml:280:9-288:20
	android:label
		ADDED from src/main/AndroidManifest.xml:282:13-48
	android:name
		ADDED from src/main/AndroidManifest.xml:281:13-35
activity#jp.co.se.android.recipe.chapter01.Ch0130
ADDED from src/main/AndroidManifest.xml:289:9-297:20
	android:label
		ADDED from src/main/AndroidManifest.xml:291:13-48
	android:name
		ADDED from src/main/AndroidManifest.xml:290:13-35
activity#jp.co.se.android.recipe.chapter01.Ch0131
ADDED from src/main/AndroidManifest.xml:298:9-306:20
	android:label
		ADDED from src/main/AndroidManifest.xml:300:13-48
	android:name
		ADDED from src/main/AndroidManifest.xml:299:13-35
activity#jp.co.se.android.recipe.chapter01.Ch0132
ADDED from src/main/AndroidManifest.xml:307:9-315:20
	android:label
		ADDED from src/main/AndroidManifest.xml:309:13-48
	android:name
		ADDED from src/main/AndroidManifest.xml:308:13-35
activity#jp.co.se.android.recipe.chapter01.Ch0133
ADDED from src/main/AndroidManifest.xml:316:9-324:20
	android:label
		ADDED from src/main/AndroidManifest.xml:318:13-48
	android:name
		ADDED from src/main/AndroidManifest.xml:317:13-35
activity#jp.co.se.android.recipe.chapter01.Ch0134
ADDED from src/main/AndroidManifest.xml:325:9-333:20
	android:label
		ADDED from src/main/AndroidManifest.xml:327:13-48
	android:name
		ADDED from src/main/AndroidManifest.xml:326:13-35
activity#jp.co.se.android.recipe.chapter01.Ch0135
ADDED from src/main/AndroidManifest.xml:334:9-342:20
	android:label
		ADDED from src/main/AndroidManifest.xml:336:13-48
	android:name
		ADDED from src/main/AndroidManifest.xml:335:13-35
activity#jp.co.se.android.recipe.chapter01.Ch0136
ADDED from src/main/AndroidManifest.xml:343:9-351:20
	android:label
		ADDED from src/main/AndroidManifest.xml:345:13-48
	android:name
		ADDED from src/main/AndroidManifest.xml:344:13-35